CRITICAL - 2023-01-24 12:29:48 --> Undefined variable $bank_name
in APPPATH\Views\depositSlip.php on line 65.
 1 APPPATH\Views\depositSlip.php(65): CodeIgniter\Debug\Exceptions->errorHandler(2, 'Undefined variable $bank_name', 'APPPATH\\Views\\depositSlip.php', 65)
 2 SYSTEMPATH\View\View.php(213): include('APPPATH\\Views\\depositSlip.php')
 3 SYSTEMPATH\View\View.php(216): CodeIgniter\View\View->CodeIgniter\View\{closure}()
 4 SYSTEMPATH\Common.php(1177): CodeIgniter\View\View->render('depositSlip', [], true)
 5 APPPATH\Controllers\Home.php(40): view('depositSlip')
 6 SYSTEMPATH\CodeIgniter.php(934): App\Controllers\Home->depositSlip()
 7 SYSTEMPATH\CodeIgniter.php(499): CodeIgniter\CodeIgniter->runController(Object(App\Controllers\Home))
 8 SYSTEMPATH\CodeIgniter.php(368): CodeIgniter\CodeIgniter->handleRequest(null, Object(Config\Cache), false)
 9 FCPATH\index.php(67): CodeIgniter\CodeIgniter->run()
CRITICAL - 2023-01-24 12:30:07 --> Undefined variable $bank_name
in APPPATH\Views\depositSlip.php on line 65.
 1 APPPATH\Views\depositSlip.php(65): CodeIgniter\Debug\Exceptions->errorHandler(2, 'Undefined variable $bank_name', 'APPPATH\\Views\\depositSlip.php', 65)
 2 SYSTEMPATH\View\View.php(213): include('APPPATH\\Views\\depositSlip.php')
 3 SYSTEMPATH\View\View.php(216): CodeIgniter\View\View->CodeIgniter\View\{closure}()
 4 SYSTEMPATH\Common.php(1177): CodeIgniter\View\View->render('depositSlip', [], true)
 5 APPPATH\Controllers\Home.php(40): view('depositSlip')
 6 SYSTEMPATH\CodeIgniter.php(934): App\Controllers\Home->depositSlip()
 7 SYSTEMPATH\CodeIgniter.php(499): CodeIgniter\CodeIgniter->runController(Object(App\Controllers\Home))
 8 SYSTEMPATH\CodeIgniter.php(368): CodeIgniter\CodeIgniter->handleRequest(null, Object(Config\Cache), false)
 9 FCPATH\index.php(67): CodeIgniter\CodeIgniter->run()
CRITICAL - 2023-01-24 12:30:24 --> Undefined variable $bank_name
in APPPATH\Views\depositSlip.php on line 65.
 1 APPPATH\Views\depositSlip.php(65): CodeIgniter\Debug\Exceptions->errorHandler(2, 'Undefined variable $bank_name', 'APPPATH\\Views\\depositSlip.php', 65)
 2 SYSTEMPATH\View\View.php(213): include('APPPATH\\Views\\depositSlip.php')
 3 SYSTEMPATH\View\View.php(216): CodeIgniter\View\View->CodeIgniter\View\{closure}()
 4 SYSTEMPATH\Common.php(1177): CodeIgniter\View\View->render('depositSlip', [], true)
 5 APPPATH\Controllers\Home.php(41): view('depositSlip')
 6 SYSTEMPATH\CodeIgniter.php(934): App\Controllers\Home->depositSlip()
 7 SYSTEMPATH\CodeIgniter.php(499): CodeIgniter\CodeIgniter->runController(Object(App\Controllers\Home))
 8 SYSTEMPATH\CodeIgniter.php(368): CodeIgniter\CodeIgniter->handleRequest(null, Object(Config\Cache), false)
 9 FCPATH\index.php(67): CodeIgniter\CodeIgniter->run()
CRITICAL - 2023-01-24 12:30:44 --> Undefined variable $bank_name
in APPPATH\Views\depositSlip.php on line 65.
 1 APPPATH\Views\depositSlip.php(65): CodeIgniter\Debug\Exceptions->errorHandler(2, 'Undefined variable $bank_name', 'APPPATH\\Views\\depositSlip.php', 65)
 2 SYSTEMPATH\View\View.php(213): include('APPPATH\\Views\\depositSlip.php')
 3 SYSTEMPATH\View\View.php(216): CodeIgniter\View\View->CodeIgniter\View\{closure}()
 4 SYSTEMPATH\Common.php(1177): CodeIgniter\View\View->render('depositSlip', [], true)
 5 APPPATH\Controllers\Home.php(41): view('depositSlip')
 6 SYSTEMPATH\CodeIgniter.php(934): App\Controllers\Home->depositSlip()
 7 SYSTEMPATH\CodeIgniter.php(499): CodeIgniter\CodeIgniter->runController(Object(App\Controllers\Home))
 8 SYSTEMPATH\CodeIgniter.php(368): CodeIgniter\CodeIgniter->handleRequest(null, Object(Config\Cache), false)
 9 FCPATH\index.php(67): CodeIgniter\CodeIgniter->run()
CRITICAL - 2023-01-24 12:30:57 --> Undefined variable $bank_name
in APPPATH\Views\depositSlip.php on line 65.
 1 APPPATH\Views\depositSlip.php(65): CodeIgniter\Debug\Exceptions->errorHandler(2, 'Undefined variable $bank_name', 'APPPATH\\Views\\depositSlip.php', 65)
 2 SYSTEMPATH\View\View.php(213): include('APPPATH\\Views\\depositSlip.php')
 3 SYSTEMPATH\View\View.php(216): CodeIgniter\View\View->CodeIgniter\View\{closure}()
 4 SYSTEMPATH\Common.php(1177): CodeIgniter\View\View->render('depositSlip', [], true)
 5 APPPATH\Controllers\Home.php(40): view('depositSlip')
 6 SYSTEMPATH\CodeIgniter.php(934): App\Controllers\Home->depositSlip()
 7 SYSTEMPATH\CodeIgniter.php(499): CodeIgniter\CodeIgniter->runController(Object(App\Controllers\Home))
 8 SYSTEMPATH\CodeIgniter.php(368): CodeIgniter\CodeIgniter->handleRequest(null, Object(Config\Cache), false)
 9 FCPATH\index.php(67): CodeIgniter\CodeIgniter->run()
CRITICAL - 2023-01-24 12:32:16 --> Undefined variable $bank_name
in APPPATH\Views\depositSlip.php on line 65.
 1 APPPATH\Views\depositSlip.php(65): CodeIgniter\Debug\Exceptions->errorHandler(2, 'Undefined variable $bank_name', 'APPPATH\\Views\\depositSlip.php', 65)
 2 SYSTEMPATH\View\View.php(213): include('APPPATH\\Views\\depositSlip.php')
 3 SYSTEMPATH\View\View.php(216): CodeIgniter\View\View->CodeIgniter\View\{closure}()
 4 SYSTEMPATH\Common.php(1177): CodeIgniter\View\View->render('depositSlip', [], true)
 5 APPPATH\Controllers\Home.php(40): view('depositSlip')
 6 SYSTEMPATH\CodeIgniter.php(934): App\Controllers\Home->depositSlip()
 7 SYSTEMPATH\CodeIgniter.php(499): CodeIgniter\CodeIgniter->runController(Object(App\Controllers\Home))
 8 SYSTEMPATH\CodeIgniter.php(368): CodeIgniter\CodeIgniter->handleRequest(null, Object(Config\Cache), false)
 9 FCPATH\index.php(67): CodeIgniter\CodeIgniter->run()
CRITICAL - 2023-01-24 12:32:58 --> Undefined variable $bank_name
in APPPATH\Views\depositSlip.php on line 65.
 1 APPPATH\Views\depositSlip.php(65): CodeIgniter\Debug\Exceptions->errorHandler(2, 'Undefined variable $bank_name', 'APPPATH\\Views\\depositSlip.php', 65)
 2 SYSTEMPATH\View\View.php(213): include('APPPATH\\Views\\depositSlip.php')
 3 SYSTEMPATH\View\View.php(216): CodeIgniter\View\View->CodeIgniter\View\{closure}()
 4 SYSTEMPATH\Common.php(1177): CodeIgniter\View\View->render('depositSlip', [], true)
 5 APPPATH\Controllers\Home.php(40): view('depositSlip')
 6 SYSTEMPATH\CodeIgniter.php(934): App\Controllers\Home->depositSlip()
 7 SYSTEMPATH\CodeIgniter.php(499): CodeIgniter\CodeIgniter->runController(Object(App\Controllers\Home))
 8 SYSTEMPATH\CodeIgniter.php(368): CodeIgniter\CodeIgniter->handleRequest(null, Object(Config\Cache), false)
 9 FCPATH\index.php(67): CodeIgniter\CodeIgniter->run()
CRITICAL - 2023-01-24 12:39:41 --> Undefined variable $bank_name
in APPPATH\Views\depositSlip.php on line 65.
 1 APPPATH\Views\depositSlip.php(65): CodeIgniter\Debug\Exceptions->errorHandler(2, 'Undefined variable $bank_name', 'APPPATH\\Views\\depositSlip.php', 65)
 2 SYSTEMPATH\View\View.php(213): include('APPPATH\\Views\\depositSlip.php')
 3 SYSTEMPATH\View\View.php(216): CodeIgniter\View\View->CodeIgniter\View\{closure}()
 4 SYSTEMPATH\Common.php(1177): CodeIgniter\View\View->render('depositSlip', [], true)
 5 APPPATH\Controllers\Home.php(41): view('depositSlip')
 6 SYSTEMPATH\CodeIgniter.php(934): App\Controllers\Home->depositSlip()
 7 SYSTEMPATH\CodeIgniter.php(499): CodeIgniter\CodeIgniter->runController(Object(App\Controllers\Home))
 8 SYSTEMPATH\CodeIgniter.php(368): CodeIgniter\CodeIgniter->handleRequest(null, Object(Config\Cache), false)
 9 FCPATH\index.php(67): CodeIgniter\CodeIgniter->run()
CRITICAL - 2023-01-24 12:40:09 --> Undefined variable $bank_name
in APPPATH\Views\depositSlip.php on line 65.
 1 APPPATH\Views\depositSlip.php(65): CodeIgniter\Debug\Exceptions->errorHandler(2, 'Undefined variable $bank_name', 'APPPATH\\Views\\depositSlip.php', 65)
 2 SYSTEMPATH\View\View.php(213): include('APPPATH\\Views\\depositSlip.php')
 3 SYSTEMPATH\View\View.php(216): CodeIgniter\View\View->CodeIgniter\View\{closure}()
 4 SYSTEMPATH\Common.php(1177): CodeIgniter\View\View->render('depositSlip', [], true)
 5 APPPATH\Controllers\Home.php(41): view('depositSlip')
 6 SYSTEMPATH\CodeIgniter.php(934): App\Controllers\Home->depositSlip()
 7 SYSTEMPATH\CodeIgniter.php(499): CodeIgniter\CodeIgniter->runController(Object(App\Controllers\Home))
 8 SYSTEMPATH\CodeIgniter.php(368): CodeIgniter\CodeIgniter->handleRequest(null, Object(Config\Cache), false)
 9 FCPATH\index.php(67): CodeIgniter\CodeIgniter->run()
CRITICAL - 2023-01-24 12:40:11 --> Undefined variable $bank_name
in APPPATH\Views\depositSlip.php on line 65.
 1 APPPATH\Views\depositSlip.php(65): CodeIgniter\Debug\Exceptions->errorHandler(2, 'Undefined variable $bank_name', 'APPPATH\\Views\\depositSlip.php', 65)
 2 SYSTEMPATH\View\View.php(213): include('APPPATH\\Views\\depositSlip.php')
 3 SYSTEMPATH\View\View.php(216): CodeIgniter\View\View->CodeIgniter\View\{closure}()
 4 SYSTEMPATH\Common.php(1177): CodeIgniter\View\View->render('depositSlip', [], true)
 5 APPPATH\Controllers\Home.php(41): view('depositSlip')
 6 SYSTEMPATH\CodeIgniter.php(934): App\Controllers\Home->depositSlip()
 7 SYSTEMPATH\CodeIgniter.php(499): CodeIgniter\CodeIgniter->runController(Object(App\Controllers\Home))
 8 SYSTEMPATH\CodeIgniter.php(368): CodeIgniter\CodeIgniter->handleRequest(null, Object(Config\Cache), false)
 9 FCPATH\index.php(67): CodeIgniter\CodeIgniter->run()
CRITICAL - 2023-01-24 12:42:48 --> Undefined variable $bank_name
in APPPATH\Views\depositSlip.php on line 65.
 1 APPPATH\Views\depositSlip.php(65): CodeIgniter\Debug\Exceptions->errorHandler(2, 'Undefined variable $bank_name', 'APPPATH\\Views\\depositSlip.php', 65)
 2 SYSTEMPATH\View\View.php(213): include('APPPATH\\Views\\depositSlip.php')
 3 SYSTEMPATH\View\View.php(216): CodeIgniter\View\View->CodeIgniter\View\{closure}()
 4 SYSTEMPATH\Common.php(1177): CodeIgniter\View\View->render('depositSlip', [], true)
 5 APPPATH\Controllers\Home.php(41): view('depositSlip')
 6 SYSTEMPATH\CodeIgniter.php(934): App\Controllers\Home->depositSlip()
 7 SYSTEMPATH\CodeIgniter.php(499): CodeIgniter\CodeIgniter->runController(Object(App\Controllers\Home))
 8 SYSTEMPATH\CodeIgniter.php(368): CodeIgniter\CodeIgniter->handleRequest(null, Object(Config\Cache), false)
 9 FCPATH\index.php(67): CodeIgniter\CodeIgniter->run()
CRITICAL - 2023-01-24 12:44:10 --> Undefined variable $bank_name
in APPPATH\Views\depositSlip.php on line 65.
 1 APPPATH\Views\depositSlip.php(65): CodeIgniter\Debug\Exceptions->errorHandler(2, 'Undefined variable $bank_name', 'APPPATH\\Views\\depositSlip.php', 65)
 2 SYSTEMPATH\View\View.php(213): include('APPPATH\\Views\\depositSlip.php')
 3 SYSTEMPATH\View\View.php(216): CodeIgniter\View\View->CodeIgniter\View\{closure}()
 4 SYSTEMPATH\Common.php(1177): CodeIgniter\View\View->render('depositSlip', [], true)
 5 APPPATH\Controllers\Home.php(48): view('depositSlip')
 6 SYSTEMPATH\CodeIgniter.php(934): App\Controllers\Home->depositSlip()
 7 SYSTEMPATH\CodeIgniter.php(499): CodeIgniter\CodeIgniter->runController(Object(App\Controllers\Home))
 8 SYSTEMPATH\CodeIgniter.php(368): CodeIgniter\CodeIgniter->handleRequest(null, Object(Config\Cache), false)
 9 FCPATH\index.php(67): CodeIgniter\CodeIgniter->run()
CRITICAL - 2023-01-24 12:45:29 --> Undefined variable $bank_name
in APPPATH\Views\depositSlip.php on line 65.
 1 APPPATH\Views\depositSlip.php(65): CodeIgniter\Debug\Exceptions->errorHandler(2, 'Undefined variable $bank_name', 'APPPATH\\Views\\depositSlip.php', 65)
 2 SYSTEMPATH\View\View.php(213): include('APPPATH\\Views\\depositSlip.php')
 3 SYSTEMPATH\View\View.php(216): CodeIgniter\View\View->CodeIgniter\View\{closure}()
 4 SYSTEMPATH\Common.php(1177): CodeIgniter\View\View->render('depositSlip', [], true)
 5 APPPATH\Controllers\Home.php(48): view('depositSlip')
 6 SYSTEMPATH\CodeIgniter.php(934): App\Controllers\Home->depositSlip()
 7 SYSTEMPATH\CodeIgniter.php(499): CodeIgniter\CodeIgniter->runController(Object(App\Controllers\Home))
 8 SYSTEMPATH\CodeIgniter.php(368): CodeIgniter\CodeIgniter->handleRequest(null, Object(Config\Cache), false)
 9 FCPATH\index.php(67): CodeIgniter\CodeIgniter->run()
CRITICAL - 2023-01-24 12:45:52 --> Undefined variable $bank_name
in APPPATH\Views\depositSlip.php on line 65.
 1 APPPATH\Views\depositSlip.php(65): CodeIgniter\Debug\Exceptions->errorHandler(2, 'Undefined variable $bank_name', 'APPPATH\\Views\\depositSlip.php', 65)
 2 SYSTEMPATH\View\View.php(213): include('APPPATH\\Views\\depositSlip.php')
 3 SYSTEMPATH\View\View.php(216): CodeIgniter\View\View->CodeIgniter\View\{closure}()
 4 SYSTEMPATH\Common.php(1177): CodeIgniter\View\View->render('depositSlip', [], true)
 5 APPPATH\Controllers\Home.php(48): view('depositSlip')
 6 SYSTEMPATH\CodeIgniter.php(934): App\Controllers\Home->depositSlip()
 7 SYSTEMPATH\CodeIgniter.php(499): CodeIgniter\CodeIgniter->runController(Object(App\Controllers\Home))
 8 SYSTEMPATH\CodeIgniter.php(368): CodeIgniter\CodeIgniter->handleRequest(null, Object(Config\Cache), false)
 9 FCPATH\index.php(67): CodeIgniter\CodeIgniter->run()
CRITICAL - 2023-01-24 12:45:53 --> Undefined variable $bank_name
in APPPATH\Views\depositSlip.php on line 65.
 1 APPPATH\Views\depositSlip.php(65): CodeIgniter\Debug\Exceptions->errorHandler(2, 'Undefined variable $bank_name', 'APPPATH\\Views\\depositSlip.php', 65)
 2 SYSTEMPATH\View\View.php(213): include('APPPATH\\Views\\depositSlip.php')
 3 SYSTEMPATH\View\View.php(216): CodeIgniter\View\View->CodeIgniter\View\{closure}()
 4 SYSTEMPATH\Common.php(1177): CodeIgniter\View\View->render('depositSlip', [], true)
 5 APPPATH\Controllers\Home.php(48): view('depositSlip')
 6 SYSTEMPATH\CodeIgniter.php(934): App\Controllers\Home->depositSlip()
 7 SYSTEMPATH\CodeIgniter.php(499): CodeIgniter\CodeIgniter->runController(Object(App\Controllers\Home))
 8 SYSTEMPATH\CodeIgniter.php(368): CodeIgniter\CodeIgniter->handleRequest(null, Object(Config\Cache), false)
 9 FCPATH\index.php(67): CodeIgniter\CodeIgniter->run()
