CRITICAL - 2023-01-16 11:28:00 --> Array to string conversion
in APPPATH\Views\generateDeptSlip.php on line 27.
 1 APPPATH\Views\generateDeptSlip.php(27): CodeIgniter\Debug\Exceptions->errorHandler(2, 'Array to string conversion', 'APPPATH\\Views\\generateDeptSlip.php', 27)
 2 SYSTEMPATH\View\View.php(213): include('APPPATH\\Views\\generateDeptSlip.php')
 3 SYSTEMPATH\View\View.php(216): CodeIgniter\View\View->CodeIgniter\View\{closure}()
 4 SYSTEMPATH\Common.php(1177): CodeIgniter\View\View->render('generateDeptSlip', [], true)
 5 APPPATH\Controllers\Home.php(34): view('generateDeptSlip', [...])
 6 SYSTEMPATH\CodeIgniter.php(934): App\Controllers\Home->generateDeptSlip()
 7 SYSTEMPATH\CodeIgniter.php(499): CodeIgniter\CodeIgniter->runController(Object(App\Controllers\Home))
 8 SYSTEMPATH\CodeIgniter.php(368): CodeIgniter\CodeIgniter->handleRequest(null, Object(Config\Cache), false)
 9 FCPATH\index.php(67): CodeIgniter\CodeIgniter->run()
CRITICAL - 2023-01-16 11:49:46 --> Unmatched '}'
in APPPATH\Views\generateDeptSlip.php on line 51.
 1 SYSTEMPATH\View\View.php(216): CodeIgniter\View\View->CodeIgniter\View\{closure}()
 2 SYSTEMPATH\Common.php(1177): CodeIgniter\View\View->render('generateDeptSlip', [], true)
 3 APPPATH\Controllers\Home.php(34): view('generateDeptSlip', [...])
 4 SYSTEMPATH\CodeIgniter.php(934): App\Controllers\Home->generateDeptSlip()
 5 SYSTEMPATH\CodeIgniter.php(499): CodeIgniter\CodeIgniter->runController(Object(App\Controllers\Home))
 6 SYSTEMPATH\CodeIgniter.php(368): CodeIgniter\CodeIgniter->handleRequest(null, Object(Config\Cache), false)
 7 FCPATH\index.php(67): CodeIgniter\CodeIgniter->run()
