ERROR - 2023-01-11 09:05:57 --> Error connecting to the database: mysqli_sql_exception: Access denied for user ''@'localhost' (using password: NO) in C:\xampp\htdocs\depositSlip\system\Database\MySQLi\Connection.php:173
Stack trace:
#0 C:\xampp\htdocs\depositSlip\system\Database\MySQLi\Connection.php(173): mysqli->real_connect('localhost', '', Object(SensitiveParameterValue), '', 3306, '', 0)
#1 C:\xampp\htdocs\depositSlip\system\Database\BaseConnection.php(391): CodeIgniter\Database\MySQLi\Connection->connect(false)
#2 C:\xampp\htdocs\depositSlip\system\Database\BaseConnection.php(573): CodeIgniter\Database\BaseConnection->initialize()
#3 C:\xampp\htdocs\depositSlip\system\Database\BaseBuilder.php(2294): CodeIgniter\Database\BaseConnection->query('INSERT INTO `us...', Array, false)
#4 C:\xampp\htdocs\depositSlip\app\Models\userModel.php(17): CodeIgniter\Database\BaseBuilder->insert(Array)
#5 C:\xampp\htdocs\depositSlip\app\Controllers\User.php(30): App\Models\UserModel->add(Array)
#6 C:\xampp\htdocs\depositSlip\system\CodeIgniter.php(934): App\Controllers\User->create_account()
#7 C:\xampp\htdocs\depositSlip\system\CodeIgniter.php(499): CodeIgniter\CodeIgniter->runController(Object(App\Controllers\User))
#8 C:\xampp\htdocs\depositSlip\system\CodeIgniter.php(368): CodeIgniter\CodeIgniter->handleRequest(NULL, Object(Config\Cache), false)
#9 C:\xampp\htdocs\depositSlip\index.php(67): CodeIgniter\CodeIgniter->run()
#10 {main}

Next CodeIgniter\Database\Exceptions\DatabaseException: Access denied for user ''@'localhost' (using password: NO) in C:\xampp\htdocs\depositSlip\system\Database\MySQLi\Connection.php:218
Stack trace:
#0 C:\xampp\htdocs\depositSlip\system\Database\BaseConnection.php(391): CodeIgniter\Database\MySQLi\Connection->connect(false)
#1 C:\xampp\htdocs\depositSlip\system\Database\BaseConnection.php(573): CodeIgniter\Database\BaseConnection->initialize()
#2 C:\xampp\htdocs\depositSlip\system\Database\BaseBuilder.php(2294): CodeIgniter\Database\BaseConnection->query('INSERT INTO `us...', Array, false)
#3 C:\xampp\htdocs\depositSlip\app\Models\userModel.php(17): CodeIgniter\Database\BaseBuilder->insert(Array)
#4 C:\xampp\htdocs\depositSlip\app\Controllers\User.php(30): App\Models\UserModel->add(Array)
#5 C:\xampp\htdocs\depositSlip\system\CodeIgniter.php(934): App\Controllers\User->create_account()
#6 C:\xampp\htdocs\depositSlip\system\CodeIgniter.php(499): CodeIgniter\CodeIgniter->runController(Object(App\Controllers\User))
#7 C:\xampp\htdocs\depositSlip\system\CodeIgniter.php(368): CodeIgniter\CodeIgniter->handleRequest(NULL, Object(Config\Cache), false)
#8 C:\xampp\htdocs\depositSlip\index.php(67): CodeIgniter\CodeIgniter->run()
#9 {main}
CRITICAL - 2023-01-11 09:05:57 --> Unable to connect to the database.
Main connection [MySQLi]: Access denied for user ''@'localhost' (using password: NO)
in SYSTEMPATH\Database\BaseConnection.php on line 427.
 1 SYSTEMPATH\Database\BaseConnection.php(573): CodeIgniter\Database\BaseConnection->initialize()
 2 SYSTEMPATH\Database\BaseBuilder.php(2294): CodeIgniter\Database\BaseConnection->query('INSERT INTO `user` (`first_name`, `last_name`, `email`) VALUES (:first_name:, :last_name:, :email:)', [...], false)
 3 APPPATH\Models\userModel.php(17): CodeIgniter\Database\BaseBuilder->insert([...])
 4 APPPATH\Controllers\User.php(30): App\Models\UserModel->add([...])
 5 SYSTEMPATH\CodeIgniter.php(934): App\Controllers\User->create_account()
 6 SYSTEMPATH\CodeIgniter.php(499): CodeIgniter\CodeIgniter->runController(Object(App\Controllers\User))
 7 SYSTEMPATH\CodeIgniter.php(368): CodeIgniter\CodeIgniter->handleRequest(null, Object(Config\Cache), false)
 8 FCPATH\index.php(67): CodeIgniter\CodeIgniter->run()
ERROR - 2023-01-11 09:06:08 --> Error connecting to the database: mysqli_sql_exception: Access denied for user ''@'localhost' (using password: NO) in C:\xampp\htdocs\depositSlip\system\Database\MySQLi\Connection.php:173
Stack trace:
#0 C:\xampp\htdocs\depositSlip\system\Database\MySQLi\Connection.php(173): mysqli->real_connect('localhost', '', Object(SensitiveParameterValue), '', 3306, '', 0)
#1 C:\xampp\htdocs\depositSlip\system\Database\BaseConnection.php(391): CodeIgniter\Database\MySQLi\Connection->connect(false)
#2 C:\xampp\htdocs\depositSlip\system\Database\BaseConnection.php(573): CodeIgniter\Database\BaseConnection->initialize()
#3 C:\xampp\htdocs\depositSlip\system\Database\BaseBuilder.php(2294): CodeIgniter\Database\BaseConnection->query('INSERT INTO `us...', Array, false)
#4 C:\xampp\htdocs\depositSlip\app\Models\userModel.php(17): CodeIgniter\Database\BaseBuilder->insert(Array)
#5 C:\xampp\htdocs\depositSlip\app\Controllers\User.php(30): App\Models\UserModel->add(Array)
#6 C:\xampp\htdocs\depositSlip\system\CodeIgniter.php(934): App\Controllers\User->create_account()
#7 C:\xampp\htdocs\depositSlip\system\CodeIgniter.php(499): CodeIgniter\CodeIgniter->runController(Object(App\Controllers\User))
#8 C:\xampp\htdocs\depositSlip\system\CodeIgniter.php(368): CodeIgniter\CodeIgniter->handleRequest(NULL, Object(Config\Cache), false)
#9 C:\xampp\htdocs\depositSlip\index.php(67): CodeIgniter\CodeIgniter->run()
#10 {main}

Next CodeIgniter\Database\Exceptions\DatabaseException: Access denied for user ''@'localhost' (using password: NO) in C:\xampp\htdocs\depositSlip\system\Database\MySQLi\Connection.php:218
Stack trace:
#0 C:\xampp\htdocs\depositSlip\system\Database\BaseConnection.php(391): CodeIgniter\Database\MySQLi\Connection->connect(false)
#1 C:\xampp\htdocs\depositSlip\system\Database\BaseConnection.php(573): CodeIgniter\Database\BaseConnection->initialize()
#2 C:\xampp\htdocs\depositSlip\system\Database\BaseBuilder.php(2294): CodeIgniter\Database\BaseConnection->query('INSERT INTO `us...', Array, false)
#3 C:\xampp\htdocs\depositSlip\app\Models\userModel.php(17): CodeIgniter\Database\BaseBuilder->insert(Array)
#4 C:\xampp\htdocs\depositSlip\app\Controllers\User.php(30): App\Models\UserModel->add(Array)
#5 C:\xampp\htdocs\depositSlip\system\CodeIgniter.php(934): App\Controllers\User->create_account()
#6 C:\xampp\htdocs\depositSlip\system\CodeIgniter.php(499): CodeIgniter\CodeIgniter->runController(Object(App\Controllers\User))
#7 C:\xampp\htdocs\depositSlip\system\CodeIgniter.php(368): CodeIgniter\CodeIgniter->handleRequest(NULL, Object(Config\Cache), false)
#8 C:\xampp\htdocs\depositSlip\index.php(67): CodeIgniter\CodeIgniter->run()
#9 {main}
CRITICAL - 2023-01-11 09:06:08 --> Unable to connect to the database.
Main connection [MySQLi]: Access denied for user ''@'localhost' (using password: NO)
in SYSTEMPATH\Database\BaseConnection.php on line 427.
 1 SYSTEMPATH\Database\BaseConnection.php(573): CodeIgniter\Database\BaseConnection->initialize()
 2 SYSTEMPATH\Database\BaseBuilder.php(2294): CodeIgniter\Database\BaseConnection->query('INSERT INTO `user` (`first_name`, `last_name`, `email`) VALUES (:first_name:, :last_name:, :email:)', [...], false)
 3 APPPATH\Models\userModel.php(17): CodeIgniter\Database\BaseBuilder->insert([...])
 4 APPPATH\Controllers\User.php(30): App\Models\UserModel->add([...])
 5 SYSTEMPATH\CodeIgniter.php(934): App\Controllers\User->create_account()
 6 SYSTEMPATH\CodeIgniter.php(499): CodeIgniter\CodeIgniter->runController(Object(App\Controllers\User))
 7 SYSTEMPATH\CodeIgniter.php(368): CodeIgniter\CodeIgniter->handleRequest(null, Object(Config\Cache), false)
 8 FCPATH\index.php(67): CodeIgniter\CodeIgniter->run()
CRITICAL - 2023-01-11 09:13:19 --> Call to undefined function App\Controllers\now()
in APPPATH\Controllers\User.php on line 25.
 1 SYSTEMPATH\CodeIgniter.php(934): App\Controllers\User->create_account()
 2 SYSTEMPATH\CodeIgniter.php(499): CodeIgniter\CodeIgniter->runController(Object(App\Controllers\User))
 3 SYSTEMPATH\CodeIgniter.php(368): CodeIgniter\CodeIgniter->handleRequest(null, Object(Config\Cache), false)
 4 FCPATH\index.php(67): CodeIgniter\CodeIgniter->run()
CRITICAL - 2023-01-11 10:47:01 --> syntax error, unexpected single-quoted string "updated_at", expecting "]"
in APPPATH\Models\userModel.php on line 16.
 1 SYSTEMPATH\Autoloader\Autoloader.php(289): CodeIgniter\Autoloader\Autoloader->includeFile('APPPATH\\Models\\userModel.php')
 2 SYSTEMPATH\Autoloader\Autoloader.php(267): CodeIgniter\Autoloader\Autoloader->loadInNamespace('App\\Models\\UserModel')
 3 APPPATH\Controllers\User.php(11): CodeIgniter\Autoloader\Autoloader->loadClass('App\\Models\\UserModel')
 4 SYSTEMPATH\CodeIgniter.php(906): App\Controllers\User->__construct()
 5 SYSTEMPATH\CodeIgniter.php(490): CodeIgniter\CodeIgniter->createController()
 6 SYSTEMPATH\CodeIgniter.php(368): CodeIgniter\CodeIgniter->handleRequest(null, Object(Config\Cache), false)
 7 FCPATH\index.php(67): CodeIgniter\CodeIgniter->run()
CRITICAL - 2023-01-11 10:47:14 --> Too few arguments to function App\Models\UserModel::__construct(), 0 passed in C:\xampp\htdocs\depositSlip\app\Controllers\User.php on line 66 and exactly 1 expected
in APPPATH\Models\userModel.php on line 19.
 1 APPPATH\Controllers\User.php(66): App\Models\UserModel->__construct()
 2 SYSTEMPATH\CodeIgniter.php(934): App\Controllers\User->loginAuth()
 3 SYSTEMPATH\CodeIgniter.php(499): CodeIgniter\CodeIgniter->runController(Object(App\Controllers\User))
 4 SYSTEMPATH\CodeIgniter.php(368): CodeIgniter\CodeIgniter->handleRequest(null, Object(Config\Cache), false)
 5 FCPATH\index.php(67): CodeIgniter\CodeIgniter->run()
CRITICAL - 2023-01-11 10:47:24 --> Too few arguments to function App\Models\UserModel::__construct(), 0 passed in C:\xampp\htdocs\depositSlip\app\Controllers\User.php on line 66 and exactly 1 expected
in APPPATH\Models\userModel.php on line 11.
 1 APPPATH\Controllers\User.php(66): App\Models\UserModel->__construct()
 2 SYSTEMPATH\CodeIgniter.php(934): App\Controllers\User->loginAuth()
 3 SYSTEMPATH\CodeIgniter.php(499): CodeIgniter\CodeIgniter->runController(Object(App\Controllers\User))
 4 SYSTEMPATH\CodeIgniter.php(368): CodeIgniter\CodeIgniter->handleRequest(null, Object(Config\Cache), false)
 5 FCPATH\index.php(67): CodeIgniter\CodeIgniter->run()
CRITICAL - 2023-01-11 10:47:33 --> You must set the database table to be used with your query.
in SYSTEMPATH\Database\BaseConnection.php on line 882.
 1 SYSTEMPATH\Model.php(640): CodeIgniter\Database\BaseConnection->table(null)
 2 SYSTEMPATH\Model.php(830): CodeIgniter\Model->builder()
 3 APPPATH\Controllers\User.php(70): CodeIgniter\Model->__call('where', [...])
 4 SYSTEMPATH\CodeIgniter.php(934): App\Controllers\User->loginAuth()
 5 SYSTEMPATH\CodeIgniter.php(499): CodeIgniter\CodeIgniter->runController(Object(App\Controllers\User))
 6 SYSTEMPATH\CodeIgniter.php(368): CodeIgniter\CodeIgniter->handleRequest(null, Object(Config\Cache), false)
 7 FCPATH\index.php(67): CodeIgniter\CodeIgniter->run()
CRITICAL - 2023-01-11 10:48:40 --> Too few arguments to function App\Models\UserModel::__construct(), 0 passed in C:\xampp\htdocs\depositSlip\app\Controllers\User.php on line 66 and exactly 1 expected
in APPPATH\Models\userModel.php on line 11.
 1 APPPATH\Controllers\User.php(66): App\Models\UserModel->__construct()
 2 SYSTEMPATH\CodeIgniter.php(934): App\Controllers\User->loginAuth()
 3 SYSTEMPATH\CodeIgniter.php(499): CodeIgniter\CodeIgniter->runController(Object(App\Controllers\User))
 4 SYSTEMPATH\CodeIgniter.php(368): CodeIgniter\CodeIgniter->handleRequest(null, Object(Config\Cache), false)
 5 FCPATH\index.php(67): CodeIgniter\CodeIgniter->run()
CRITICAL - 2023-01-11 10:49:35 --> Undefined variable $userModel
in APPPATH\Controllers\User.php on line 66.
 1 APPPATH\Controllers\User.php(66): CodeIgniter\Debug\Exceptions->errorHandler(2, 'Undefined variable $userModel', 'APPPATH\\Controllers\\User.php', 66)
 2 SYSTEMPATH\CodeIgniter.php(934): App\Controllers\User->loginAuth()
 3 SYSTEMPATH\CodeIgniter.php(499): CodeIgniter\CodeIgniter->runController(Object(App\Controllers\User))
 4 SYSTEMPATH\CodeIgniter.php(368): CodeIgniter\CodeIgniter->handleRequest(null, Object(Config\Cache), false)
 5 FCPATH\index.php(67): CodeIgniter\CodeIgniter->run()
CRITICAL - 2023-01-11 10:49:55 --> Undefined variable $userModel
in APPPATH\Controllers\User.php on line 65.
 1 APPPATH\Controllers\User.php(65): CodeIgniter\Debug\Exceptions->errorHandler(2, 'Undefined variable $userModel', 'APPPATH\\Controllers\\User.php', 65)
 2 SYSTEMPATH\CodeIgniter.php(934): App\Controllers\User->loginAuth()
 3 SYSTEMPATH\CodeIgniter.php(499): CodeIgniter\CodeIgniter->runController(Object(App\Controllers\User))
 4 SYSTEMPATH\CodeIgniter.php(368): CodeIgniter\CodeIgniter->handleRequest(null, Object(Config\Cache), false)
 5 FCPATH\index.php(67): CodeIgniter\CodeIgniter->run()
CRITICAL - 2023-01-11 10:55:03 --> Undefined variable $userModel
in APPPATH\Controllers\User.php on line 65.
 1 APPPATH\Controllers\User.php(65): CodeIgniter\Debug\Exceptions->errorHandler(2, 'Undefined variable $userModel', 'APPPATH\\Controllers\\User.php', 65)
 2 SYSTEMPATH\CodeIgniter.php(934): App\Controllers\User->loginAuth()
 3 SYSTEMPATH\CodeIgniter.php(499): CodeIgniter\CodeIgniter->runController(Object(App\Controllers\User))
 4 SYSTEMPATH\CodeIgniter.php(368): CodeIgniter\CodeIgniter->handleRequest(null, Object(Config\Cache), false)
 5 FCPATH\index.php(67): CodeIgniter\CodeIgniter->run()
CRITICAL - 2023-01-11 10:55:30 --> CodeIgniter\Database\BaseResult::getFirstRow(): Argument #1 ($type) must be of type string, null given, called in C:\xampp\htdocs\depositSlip\system\Model.php on line 267
in SYSTEMPATH\Database\BaseResult.php on line 382.
 1 SYSTEMPATH\Model.php(267): CodeIgniter\Database\BaseResult->getFirstRow(null)
 2 SYSTEMPATH\BaseModel.php(656): CodeIgniter\Model->doFirst()
 3 APPPATH\Controllers\User.php(65): CodeIgniter\BaseModel->first()
 4 SYSTEMPATH\CodeIgniter.php(934): App\Controllers\User->loginAuth()
 5 SYSTEMPATH\CodeIgniter.php(499): CodeIgniter\CodeIgniter->runController(Object(App\Controllers\User))
 6 SYSTEMPATH\CodeIgniter.php(368): CodeIgniter\CodeIgniter->handleRequest(null, Object(Config\Cache), false)
 7 FCPATH\index.php(67): CodeIgniter\CodeIgniter->run()
CRITICAL - 2023-01-11 10:55:42 --> You must set the database table to be used with your query.
in SYSTEMPATH\Database\BaseConnection.php on line 882.
 1 SYSTEMPATH\Model.php(640): CodeIgniter\Database\BaseConnection->table(null)
 2 SYSTEMPATH\Model.php(830): CodeIgniter\Model->builder()
 3 APPPATH\Controllers\User.php(65): CodeIgniter\Model->__call('where', [...])
 4 SYSTEMPATH\CodeIgniter.php(934): App\Controllers\User->loginAuth()
 5 SYSTEMPATH\CodeIgniter.php(499): CodeIgniter\CodeIgniter->runController(Object(App\Controllers\User))
 6 SYSTEMPATH\CodeIgniter.php(368): CodeIgniter\CodeIgniter->handleRequest(null, Object(Config\Cache), false)
 7 FCPATH\index.php(67): CodeIgniter\CodeIgniter->run()
CRITICAL - 2023-01-11 10:56:42 --> You must set the database table to be used with your query.
in SYSTEMPATH\Database\BaseConnection.php on line 882.
 1 SYSTEMPATH\Model.php(640): CodeIgniter\Database\BaseConnection->table(null)
 2 SYSTEMPATH\Model.php(830): CodeIgniter\Model->builder()
 3 APPPATH\Controllers\User.php(65): CodeIgniter\Model->__call('where', [...])
 4 SYSTEMPATH\CodeIgniter.php(934): App\Controllers\User->loginAuth()
 5 SYSTEMPATH\CodeIgniter.php(499): CodeIgniter\CodeIgniter->runController(Object(App\Controllers\User))
 6 SYSTEMPATH\CodeIgniter.php(368): CodeIgniter\CodeIgniter->handleRequest(null, Object(Config\Cache), false)
 7 FCPATH\index.php(67): CodeIgniter\CodeIgniter->run()
CRITICAL - 2023-01-11 10:56:46 --> You must set the database table to be used with your query.
in SYSTEMPATH\Database\BaseConnection.php on line 882.
 1 SYSTEMPATH\Model.php(640): CodeIgniter\Database\BaseConnection->table(null)
 2 SYSTEMPATH\Model.php(830): CodeIgniter\Model->builder()
 3 APPPATH\Controllers\User.php(65): CodeIgniter\Model->__call('where', [...])
 4 SYSTEMPATH\CodeIgniter.php(934): App\Controllers\User->loginAuth()
 5 SYSTEMPATH\CodeIgniter.php(499): CodeIgniter\CodeIgniter->runController(Object(App\Controllers\User))
 6 SYSTEMPATH\CodeIgniter.php(368): CodeIgniter\CodeIgniter->handleRequest(null, Object(Config\Cache), false)
 7 FCPATH\index.php(67): CodeIgniter\CodeIgniter->run()
CRITICAL - 2023-01-11 10:57:06 --> You must set the database table to be used with your query.
in SYSTEMPATH\Database\BaseConnection.php on line 882.
 1 SYSTEMPATH\Model.php(640): CodeIgniter\Database\BaseConnection->table(null)
 2 SYSTEMPATH\Model.php(830): CodeIgniter\Model->builder()
 3 APPPATH\Controllers\User.php(65): CodeIgniter\Model->__call('where', [...])
 4 SYSTEMPATH\CodeIgniter.php(934): App\Controllers\User->loginAuth()
 5 SYSTEMPATH\CodeIgniter.php(499): CodeIgniter\CodeIgniter->runController(Object(App\Controllers\User))
 6 SYSTEMPATH\CodeIgniter.php(368): CodeIgniter\CodeIgniter->handleRequest(null, Object(Config\Cache), false)
 7 FCPATH\index.php(67): CodeIgniter\CodeIgniter->run()
CRITICAL - 2023-01-11 10:57:55 --> You must set the database table to be used with your query.
in SYSTEMPATH\Database\BaseConnection.php on line 882.
 1 SYSTEMPATH\Model.php(640): CodeIgniter\Database\BaseConnection->table(null)
 2 SYSTEMPATH\Model.php(830): CodeIgniter\Model->builder()
 3 APPPATH\Controllers\User.php(65): CodeIgniter\Model->__call('where', [...])
 4 SYSTEMPATH\CodeIgniter.php(934): App\Controllers\User->loginAuth()
 5 SYSTEMPATH\CodeIgniter.php(499): CodeIgniter\CodeIgniter->runController(Object(App\Controllers\User))
 6 SYSTEMPATH\CodeIgniter.php(368): CodeIgniter\CodeIgniter->handleRequest(null, Object(Config\Cache), false)
 7 FCPATH\index.php(67): CodeIgniter\CodeIgniter->run()
CRITICAL - 2023-01-11 10:58:39 --> You must set the database table to be used with your query.
in SYSTEMPATH\Database\BaseConnection.php on line 882.
 1 SYSTEMPATH\Model.php(640): CodeIgniter\Database\BaseConnection->table(null)
 2 SYSTEMPATH\Model.php(830): CodeIgniter\Model->builder()
 3 APPPATH\Controllers\User.php(65): CodeIgniter\Model->__call('where', [...])
 4 SYSTEMPATH\CodeIgniter.php(934): App\Controllers\User->loginAuth()
 5 SYSTEMPATH\CodeIgniter.php(499): CodeIgniter\CodeIgniter->runController(Object(App\Controllers\User))
 6 SYSTEMPATH\CodeIgniter.php(368): CodeIgniter\CodeIgniter->handleRequest(null, Object(Config\Cache), false)
 7 FCPATH\index.php(67): CodeIgniter\CodeIgniter->run()
CRITICAL - 2023-01-11 10:58:58 --> You must set the database table to be used with your query.
in SYSTEMPATH\Database\BaseConnection.php on line 882.
 1 SYSTEMPATH\Model.php(640): CodeIgniter\Database\BaseConnection->table(null)
 2 SYSTEMPATH\Model.php(830): CodeIgniter\Model->builder()
 3 APPPATH\Controllers\User.php(65): CodeIgniter\Model->__call('where', [...])
 4 SYSTEMPATH\CodeIgniter.php(934): App\Controllers\User->loginAuth()
 5 SYSTEMPATH\CodeIgniter.php(499): CodeIgniter\CodeIgniter->runController(Object(App\Controllers\User))
 6 SYSTEMPATH\CodeIgniter.php(368): CodeIgniter\CodeIgniter->handleRequest(null, Object(Config\Cache), false)
 7 FCPATH\index.php(67): CodeIgniter\CodeIgniter->run()
CRITICAL - 2023-01-11 10:59:03 --> You must set the database table to be used with your query.
in SYSTEMPATH\Database\BaseConnection.php on line 882.
 1 SYSTEMPATH\Model.php(640): CodeIgniter\Database\BaseConnection->table(null)
 2 SYSTEMPATH\Model.php(830): CodeIgniter\Model->builder()
 3 APPPATH\Controllers\User.php(65): CodeIgniter\Model->__call('where', [...])
 4 SYSTEMPATH\CodeIgniter.php(934): App\Controllers\User->loginAuth()
 5 SYSTEMPATH\CodeIgniter.php(499): CodeIgniter\CodeIgniter->runController(Object(App\Controllers\User))
 6 SYSTEMPATH\CodeIgniter.php(368): CodeIgniter\CodeIgniter->handleRequest(null, Object(Config\Cache), false)
 7 FCPATH\index.php(67): CodeIgniter\CodeIgniter->run()
CRITICAL - 2023-01-11 11:00:05 --> You must set the database table to be used with your query.
in SYSTEMPATH\Database\BaseConnection.php on line 882.
 1 SYSTEMPATH\Model.php(640): CodeIgniter\Database\BaseConnection->table(null)
 2 SYSTEMPATH\Model.php(830): CodeIgniter\Model->builder()
 3 APPPATH\Controllers\User.php(65): CodeIgniter\Model->__call('where', [...])
 4 SYSTEMPATH\CodeIgniter.php(934): App\Controllers\User->loginAuth()
 5 SYSTEMPATH\CodeIgniter.php(499): CodeIgniter\CodeIgniter->runController(Object(App\Controllers\User))
 6 SYSTEMPATH\CodeIgniter.php(368): CodeIgniter\CodeIgniter->handleRequest(null, Object(Config\Cache), false)
 7 FCPATH\index.php(67): CodeIgniter\CodeIgniter->run()
CRITICAL - 2023-01-11 11:00:46 --> You must set the database table to be used with your query.
in SYSTEMPATH\Database\BaseConnection.php on line 882.
 1 SYSTEMPATH\Model.php(640): CodeIgniter\Database\BaseConnection->table(null)
 2 SYSTEMPATH\Model.php(830): CodeIgniter\Model->builder()
 3 APPPATH\Controllers\User.php(65): CodeIgniter\Model->__call('where', [...])
 4 SYSTEMPATH\CodeIgniter.php(934): App\Controllers\User->loginAuth()
 5 SYSTEMPATH\CodeIgniter.php(499): CodeIgniter\CodeIgniter->runController(Object(App\Controllers\User))
 6 SYSTEMPATH\CodeIgniter.php(368): CodeIgniter\CodeIgniter->handleRequest(null, Object(Config\Cache), false)
 7 FCPATH\index.php(67): CodeIgniter\CodeIgniter->run()
CRITICAL - 2023-01-11 11:02:58 --> You must set the database table to be used with your query.
in SYSTEMPATH\Database\BaseConnection.php on line 882.
 1 SYSTEMPATH\Model.php(640): CodeIgniter\Database\BaseConnection->table(null)
 2 SYSTEMPATH\Model.php(830): CodeIgniter\Model->builder()
 3 APPPATH\Controllers\User.php(65): CodeIgniter\Model->__call('where', [...])
 4 SYSTEMPATH\CodeIgniter.php(934): App\Controllers\User->loginAuth()
 5 SYSTEMPATH\CodeIgniter.php(499): CodeIgniter\CodeIgniter->runController(Object(App\Controllers\User))
 6 SYSTEMPATH\CodeIgniter.php(368): CodeIgniter\CodeIgniter->handleRequest(null, Object(Config\Cache), false)
 7 FCPATH\index.php(67): CodeIgniter\CodeIgniter->run()
CRITICAL - 2023-01-11 11:03:07 --> You must set the database table to be used with your query.
in SYSTEMPATH\Database\BaseConnection.php on line 882.
 1 SYSTEMPATH\Model.php(640): CodeIgniter\Database\BaseConnection->table(null)
 2 SYSTEMPATH\Model.php(830): CodeIgniter\Model->builder()
 3 APPPATH\Controllers\User.php(65): CodeIgniter\Model->__call('where', [...])
 4 SYSTEMPATH\CodeIgniter.php(934): App\Controllers\User->loginAuth()
 5 SYSTEMPATH\CodeIgniter.php(499): CodeIgniter\CodeIgniter->runController(Object(App\Controllers\User))
 6 SYSTEMPATH\CodeIgniter.php(368): CodeIgniter\CodeIgniter->handleRequest(null, Object(Config\Cache), false)
 7 FCPATH\index.php(67): CodeIgniter\CodeIgniter->run()
CRITICAL - 2023-01-11 11:04:40 --> You must set the database table to be used with your query.
in SYSTEMPATH\Database\BaseConnection.php on line 882.
 1 SYSTEMPATH\Model.php(640): CodeIgniter\Database\BaseConnection->table(null)
 2 SYSTEMPATH\Model.php(830): CodeIgniter\Model->builder()
 3 APPPATH\Controllers\User.php(65): CodeIgniter\Model->__call('where', [...])
 4 SYSTEMPATH\CodeIgniter.php(934): App\Controllers\User->loginAuth()
 5 SYSTEMPATH\CodeIgniter.php(499): CodeIgniter\CodeIgniter->runController(Object(App\Controllers\User))
 6 SYSTEMPATH\CodeIgniter.php(368): CodeIgniter\CodeIgniter->handleRequest(null, Object(Config\Cache), false)
 7 FCPATH\index.php(67): CodeIgniter\CodeIgniter->run()
CRITICAL - 2023-01-11 11:04:54 --> You must set the database table to be used with your query.
in SYSTEMPATH\Database\BaseConnection.php on line 882.
 1 SYSTEMPATH\Model.php(640): CodeIgniter\Database\BaseConnection->table(null)
 2 SYSTEMPATH\Model.php(830): CodeIgniter\Model->builder()
 3 APPPATH\Controllers\User.php(65): CodeIgniter\Model->__call('where', [...])
 4 SYSTEMPATH\CodeIgniter.php(934): App\Controllers\User->loginAuth()
 5 SYSTEMPATH\CodeIgniter.php(499): CodeIgniter\CodeIgniter->runController(Object(App\Controllers\User))
 6 SYSTEMPATH\CodeIgniter.php(368): CodeIgniter\CodeIgniter->handleRequest(null, Object(Config\Cache), false)
 7 FCPATH\index.php(67): CodeIgniter\CodeIgniter->run()
CRITICAL - 2023-01-11 11:04:57 --> You must set the database table to be used with your query.
in SYSTEMPATH\Database\BaseConnection.php on line 882.
 1 SYSTEMPATH\Model.php(640): CodeIgniter\Database\BaseConnection->table(null)
 2 SYSTEMPATH\Model.php(830): CodeIgniter\Model->builder()
 3 APPPATH\Controllers\User.php(65): CodeIgniter\Model->__call('where', [...])
 4 SYSTEMPATH\CodeIgniter.php(934): App\Controllers\User->loginAuth()
 5 SYSTEMPATH\CodeIgniter.php(499): CodeIgniter\CodeIgniter->runController(Object(App\Controllers\User))
 6 SYSTEMPATH\CodeIgniter.php(368): CodeIgniter\CodeIgniter->handleRequest(null, Object(Config\Cache), false)
 7 FCPATH\index.php(67): CodeIgniter\CodeIgniter->run()
CRITICAL - 2023-01-11 11:08:52 --> You must set the database table to be used with your query.
in SYSTEMPATH\Database\BaseConnection.php on line 882.
 1 SYSTEMPATH\Model.php(640): CodeIgniter\Database\BaseConnection->table(null)
 2 SYSTEMPATH\Model.php(830): CodeIgniter\Model->builder()
 3 APPPATH\Controllers\User.php(65): CodeIgniter\Model->__call('table', [...])
 4 SYSTEMPATH\CodeIgniter.php(934): App\Controllers\User->loginAuth()
 5 SYSTEMPATH\CodeIgniter.php(499): CodeIgniter\CodeIgniter->runController(Object(App\Controllers\User))
 6 SYSTEMPATH\CodeIgniter.php(368): CodeIgniter\CodeIgniter->handleRequest(null, Object(Config\Cache), false)
 7 FCPATH\index.php(67): CodeIgniter\CodeIgniter->run()
CRITICAL - 2023-01-11 11:08:56 --> You must set the database table to be used with your query.
in SYSTEMPATH\Database\BaseConnection.php on line 882.
 1 SYSTEMPATH\Model.php(640): CodeIgniter\Database\BaseConnection->table(null)
 2 SYSTEMPATH\Model.php(830): CodeIgniter\Model->builder()
 3 APPPATH\Controllers\User.php(65): CodeIgniter\Model->__call('table', [...])
 4 SYSTEMPATH\CodeIgniter.php(934): App\Controllers\User->loginAuth()
 5 SYSTEMPATH\CodeIgniter.php(499): CodeIgniter\CodeIgniter->runController(Object(App\Controllers\User))
 6 SYSTEMPATH\CodeIgniter.php(368): CodeIgniter\CodeIgniter->handleRequest(null, Object(Config\Cache), false)
 7 FCPATH\index.php(67): CodeIgniter\CodeIgniter->run()
CRITICAL - 2023-01-11 11:09:00 --> You must set the database table to be used with your query.
in SYSTEMPATH\Database\BaseConnection.php on line 882.
 1 SYSTEMPATH\Model.php(640): CodeIgniter\Database\BaseConnection->table(null)
 2 SYSTEMPATH\Model.php(830): CodeIgniter\Model->builder()
 3 APPPATH\Controllers\User.php(65): CodeIgniter\Model->__call('table', [...])
 4 SYSTEMPATH\CodeIgniter.php(934): App\Controllers\User->loginAuth()
 5 SYSTEMPATH\CodeIgniter.php(499): CodeIgniter\CodeIgniter->runController(Object(App\Controllers\User))
 6 SYSTEMPATH\CodeIgniter.php(368): CodeIgniter\CodeIgniter->handleRequest(null, Object(Config\Cache), false)
 7 FCPATH\index.php(67): CodeIgniter\CodeIgniter->run()
CRITICAL - 2023-01-11 11:09:09 --> You must set the database table to be used with your query.
in SYSTEMPATH\Database\BaseConnection.php on line 882.
 1 SYSTEMPATH\Model.php(640): CodeIgniter\Database\BaseConnection->table(null)
 2 SYSTEMPATH\Model.php(830): CodeIgniter\Model->builder()
 3 APPPATH\Controllers\User.php(65): CodeIgniter\Model->__call('table', [...])
 4 SYSTEMPATH\CodeIgniter.php(934): App\Controllers\User->loginAuth()
 5 SYSTEMPATH\CodeIgniter.php(499): CodeIgniter\CodeIgniter->runController(Object(App\Controllers\User))
 6 SYSTEMPATH\CodeIgniter.php(368): CodeIgniter\CodeIgniter->handleRequest(null, Object(Config\Cache), false)
 7 FCPATH\index.php(67): CodeIgniter\CodeIgniter->run()
CRITICAL - 2023-01-11 11:09:42 --> You must set the database table to be used with your query.
in SYSTEMPATH\Database\BaseConnection.php on line 882.
 1 SYSTEMPATH\Model.php(640): CodeIgniter\Database\BaseConnection->table(null)
 2 SYSTEMPATH\Model.php(830): CodeIgniter\Model->builder()
 3 APPPATH\Controllers\User.php(65): CodeIgniter\Model->__call('table', [...])
 4 SYSTEMPATH\CodeIgniter.php(934): App\Controllers\User->loginAuth()
 5 SYSTEMPATH\CodeIgniter.php(499): CodeIgniter\CodeIgniter->runController(Object(App\Controllers\User))
 6 SYSTEMPATH\CodeIgniter.php(368): CodeIgniter\CodeIgniter->handleRequest(null, Object(Config\Cache), false)
 7 FCPATH\index.php(67): CodeIgniter\CodeIgniter->run()
CRITICAL - 2023-01-11 11:09:45 --> You must set the database table to be used with your query.
in SYSTEMPATH\Database\BaseConnection.php on line 882.
 1 SYSTEMPATH\Model.php(640): CodeIgniter\Database\BaseConnection->table(null)
 2 SYSTEMPATH\Model.php(830): CodeIgniter\Model->builder()
 3 APPPATH\Controllers\User.php(65): CodeIgniter\Model->__call('table', [...])
 4 SYSTEMPATH\CodeIgniter.php(934): App\Controllers\User->loginAuth()
 5 SYSTEMPATH\CodeIgniter.php(499): CodeIgniter\CodeIgniter->runController(Object(App\Controllers\User))
 6 SYSTEMPATH\CodeIgniter.php(368): CodeIgniter\CodeIgniter->handleRequest(null, Object(Config\Cache), false)
 7 FCPATH\index.php(67): CodeIgniter\CodeIgniter->run()
CRITICAL - 2023-01-11 11:09:53 --> You must set the database table to be used with your query.
in SYSTEMPATH\Database\BaseConnection.php on line 882.
 1 SYSTEMPATH\Model.php(640): CodeIgniter\Database\BaseConnection->table(null)
 2 SYSTEMPATH\Model.php(830): CodeIgniter\Model->builder()
 3 APPPATH\Controllers\User.php(65): CodeIgniter\Model->__call('table', [...])
 4 SYSTEMPATH\CodeIgniter.php(934): App\Controllers\User->loginAuth()
 5 SYSTEMPATH\CodeIgniter.php(499): CodeIgniter\CodeIgniter->runController(Object(App\Controllers\User))
 6 SYSTEMPATH\CodeIgniter.php(368): CodeIgniter\CodeIgniter->handleRequest(null, Object(Config\Cache), false)
 7 FCPATH\index.php(67): CodeIgniter\CodeIgniter->run()
CRITICAL - 2023-01-11 11:16:57 --> You must set the database table to be used with your query.
in SYSTEMPATH\Database\BaseConnection.php on line 882.
 1 SYSTEMPATH\Model.php(640): CodeIgniter\Database\BaseConnection->table(null)
 2 SYSTEMPATH\Model.php(830): CodeIgniter\Model->builder()
 3 APPPATH\Controllers\User.php(65): CodeIgniter\Model->__call('table', [...])
 4 SYSTEMPATH\CodeIgniter.php(934): App\Controllers\User->loginAuth()
 5 SYSTEMPATH\CodeIgniter.php(499): CodeIgniter\CodeIgniter->runController(Object(App\Controllers\User))
 6 SYSTEMPATH\CodeIgniter.php(368): CodeIgniter\CodeIgniter->handleRequest(null, Object(Config\Cache), false)
 7 FCPATH\index.php(67): CodeIgniter\CodeIgniter->run()
