CRITICAL - 2023-04-10 05:55:21 --> Undefined array key 0
in APPPATH\Controllers\Home.php on line 30.
 1 APPPATH\Controllers\Home.php(30): CodeIgniter\Debug\Exceptions->errorHandler(2, 'Undefined array key 0', 'APPPATH\\Controllers\\Home.php', 30)
 2 SYSTEMPATH\CodeIgniter.php(934): App\Controllers\Home->depositSlip()
 3 SYSTEMPATH\CodeIgniter.php(499): CodeIgniter\CodeIgniter->runController(Object(App\Controllers\Home))
 4 SYSTEMPATH\CodeIgniter.php(368): CodeIgniter\CodeIgniter->handleRequest(null, Object(Config\Cache), false)
 5 FCPATH\index.php(67): CodeIgniter\CodeIgniter->run()
CRITICAL - 2023-04-10 06:01:51 --> Undefined variable $match
in APPPATH\Views\depositSlip.php on line 233.
 1 APPPATH\Views\depositSlip.php(233): CodeIgniter\Debug\Exceptions->errorHandler(2, 'Undefined variable $match', 'APPPATH\\Views\\depositSlip.php', 233)
 2 SYSTEMPATH\View\View.php(213): include('APPPATH\\Views\\depositSlip.php')
 3 SYSTEMPATH\View\View.php(216): CodeIgniter\View\View->CodeIgniter\View\{closure}()
 4 SYSTEMPATH\Common.php(1177): CodeIgniter\View\View->render('depositSlip', [], true)
 5 APPPATH\Controllers\Home.php(37): view('depositSlip', [...])
 6 SYSTEMPATH\CodeIgniter.php(934): App\Controllers\Home->depositSlip()
 7 SYSTEMPATH\CodeIgniter.php(499): CodeIgniter\CodeIgniter->runController(Object(App\Controllers\Home))
 8 SYSTEMPATH\CodeIgniter.php(368): CodeIgniter\CodeIgniter->handleRequest(null, Object(Config\Cache), false)
 9 FCPATH\index.php(67): CodeIgniter\CodeIgniter->run()
CRITICAL - 2023-04-10 06:03:11 --> syntax error, unexpected single-quoted string ".</td>", expecting "," or ";"
in APPPATH\Views\depositSlip.php on line 238.
 1 SYSTEMPATH\View\View.php(216): CodeIgniter\View\View->CodeIgniter\View\{closure}()
 2 SYSTEMPATH\Common.php(1177): CodeIgniter\View\View->render('depositSlip', [], true)
 3 APPPATH\Controllers\Home.php(37): view('depositSlip', [...])
 4 SYSTEMPATH\CodeIgniter.php(934): App\Controllers\Home->depositSlip()
 5 SYSTEMPATH\CodeIgniter.php(499): CodeIgniter\CodeIgniter->runController(Object(App\Controllers\Home))
 6 SYSTEMPATH\CodeIgniter.php(368): CodeIgniter\CodeIgniter->handleRequest(null, Object(Config\Cache), false)
 7 FCPATH\index.php(67): CodeIgniter\CodeIgniter->run()
CRITICAL - 2023-04-10 06:09:48 --> explode(): Argument #1 ($separator) cannot be empty
in APPPATH\Views\depositSlip.php on line 233.
 1 APPPATH\Views\depositSlip.php(233): explode('C:\\xampp\\htdocs\\depositSlip', '12345678907')
 2 SYSTEMPATH\View\View.php(213): include('APPPATH\\Views\\depositSlip.php')
 3 SYSTEMPATH\View\View.php(216): CodeIgniter\View\View->CodeIgniter\View\{closure}()
 4 SYSTEMPATH\Common.php(1177): CodeIgniter\View\View->render('depositSlip', [], true)
 5 APPPATH\Controllers\Home.php(37): view('depositSlip', [...])
 6 SYSTEMPATH\CodeIgniter.php(934): App\Controllers\Home->depositSlip()
 7 SYSTEMPATH\CodeIgniter.php(499): CodeIgniter\CodeIgniter->runController(Object(App\Controllers\Home))
 8 SYSTEMPATH\CodeIgniter.php(368): CodeIgniter\CodeIgniter->handleRequest(null, Object(Config\Cache), false)
 9 FCPATH\index.php(67): CodeIgniter\CodeIgniter->run()
CRITICAL - 2023-04-10 06:10:18 --> explode(): Argument #1 ($separator) cannot be empty
in APPPATH\Views\depositSlip.php on line 233.
 1 APPPATH\Views\depositSlip.php(233): explode('C:\\xampp\\htdocs\\depositSlip', '12345678907')
 2 SYSTEMPATH\View\View.php(213): include('APPPATH\\Views\\depositSlip.php')
 3 SYSTEMPATH\View\View.php(216): CodeIgniter\View\View->CodeIgniter\View\{closure}()
 4 SYSTEMPATH\Common.php(1177): CodeIgniter\View\View->render('depositSlip', [], true)
 5 APPPATH\Controllers\Home.php(37): view('depositSlip', [...])
 6 SYSTEMPATH\CodeIgniter.php(934): App\Controllers\Home->depositSlip()
 7 SYSTEMPATH\CodeIgniter.php(499): CodeIgniter\CodeIgniter->runController(Object(App\Controllers\Home))
 8 SYSTEMPATH\CodeIgniter.php(368): CodeIgniter\CodeIgniter->handleRequest(null, Object(Config\Cache), false)
 9 FCPATH\index.php(67): CodeIgniter\CodeIgniter->run()
CRITICAL - 2023-04-10 06:13:09 --> preg_replace(): Empty regular expression
in APPPATH\Views\depositSlip.php on line 233.
 1 [internal function]: CodeIgniter\Debug\Exceptions->errorHandler(2, 'preg_replace(): Empty regular expression', 'APPPATH\\Views\\depositSlip.php', 233)
 2 APPPATH\Views\depositSlip.php(233): preg_replace('C:\\xampp\\htdocs\\depositSlip', ',', '12345678907')
 3 SYSTEMPATH\View\View.php(213): include('APPPATH\\Views\\depositSlip.php')
 4 SYSTEMPATH\View\View.php(216): CodeIgniter\View\View->CodeIgniter\View\{closure}()
 5 SYSTEMPATH\Common.php(1177): CodeIgniter\View\View->render('depositSlip', [], true)
 6 APPPATH\Controllers\Home.php(37): view('depositSlip', [...])
 7 SYSTEMPATH\CodeIgniter.php(934): App\Controllers\Home->depositSlip()
 8 SYSTEMPATH\CodeIgniter.php(499): CodeIgniter\CodeIgniter->runController(Object(App\Controllers\Home))
 9 SYSTEMPATH\CodeIgniter.php(368): CodeIgniter\CodeIgniter->handleRequest(null, Object(Config\Cache), false)
10 FCPATH\index.php(67): CodeIgniter\CodeIgniter->run()
CRITICAL - 2023-04-10 06:13:15 --> explode(): Argument #1 ($separator) cannot be empty
in APPPATH\Views\depositSlip.php on line 235.
 1 APPPATH\Views\depositSlip.php(235): explode('C:\\xampp\\htdocs\\depositSlip', '12345678907')
 2 SYSTEMPATH\View\View.php(213): include('APPPATH\\Views\\depositSlip.php')
 3 SYSTEMPATH\View\View.php(216): CodeIgniter\View\View->CodeIgniter\View\{closure}()
 4 SYSTEMPATH\Common.php(1177): CodeIgniter\View\View->render('depositSlip', [], true)
 5 APPPATH\Controllers\Home.php(37): view('depositSlip', [...])
 6 SYSTEMPATH\CodeIgniter.php(934): App\Controllers\Home->depositSlip()
 7 SYSTEMPATH\CodeIgniter.php(499): CodeIgniter\CodeIgniter->runController(Object(App\Controllers\Home))
 8 SYSTEMPATH\CodeIgniter.php(368): CodeIgniter\CodeIgniter->handleRequest(null, Object(Config\Cache), false)
 9 FCPATH\index.php(67): CodeIgniter\CodeIgniter->run()
CRITICAL - 2023-04-10 06:13:29 --> preg_replace(): Empty regular expression
in APPPATH\Views\depositSlip.php on line 233.
 1 [internal function]: CodeIgniter\Debug\Exceptions->errorHandler(2, 'preg_replace(): Empty regular expression', 'APPPATH\\Views\\depositSlip.php', 233)
 2 APPPATH\Views\depositSlip.php(233): preg_replace('C:\\xampp\\htdocs\\depositSlip', ',', '12345678907')
 3 SYSTEMPATH\View\View.php(213): include('APPPATH\\Views\\depositSlip.php')
 4 SYSTEMPATH\View\View.php(216): CodeIgniter\View\View->CodeIgniter\View\{closure}()
 5 SYSTEMPATH\Common.php(1177): CodeIgniter\View\View->render('depositSlip', [], true)
 6 APPPATH\Controllers\Home.php(37): view('depositSlip', [...])
 7 SYSTEMPATH\CodeIgniter.php(934): App\Controllers\Home->depositSlip()
 8 SYSTEMPATH\CodeIgniter.php(499): CodeIgniter\CodeIgniter->runController(Object(App\Controllers\Home))
 9 SYSTEMPATH\CodeIgniter.php(368): CodeIgniter\CodeIgniter->handleRequest(null, Object(Config\Cache), false)
10 FCPATH\index.php(67): CodeIgniter\CodeIgniter->run()
CRITICAL - 2023-04-10 06:26:24 --> preg_replace(): Empty regular expression
in APPPATH\Views\depositSlip.php on line 233.
 1 [internal function]: CodeIgniter\Debug\Exceptions->errorHandler(2, 'preg_replace(): Empty regular expression', 'APPPATH\\Views\\depositSlip.php', 233)
 2 APPPATH\Views\depositSlip.php(233): preg_replace('C:\\xampp\\htdocs\\depositSlip', ',', '12345678907')
 3 SYSTEMPATH\View\View.php(213): include('APPPATH\\Views\\depositSlip.php')
 4 SYSTEMPATH\View\View.php(216): CodeIgniter\View\View->CodeIgniter\View\{closure}()
 5 SYSTEMPATH\Common.php(1177): CodeIgniter\View\View->render('depositSlip', [], true)
 6 APPPATH\Controllers\Home.php(37): view('depositSlip', [...])
 7 SYSTEMPATH\CodeIgniter.php(934): App\Controllers\Home->depositSlip()
 8 SYSTEMPATH\CodeIgniter.php(499): CodeIgniter\CodeIgniter->runController(Object(App\Controllers\Home))
 9 SYSTEMPATH\CodeIgniter.php(368): CodeIgniter\CodeIgniter->handleRequest(null, Object(Config\Cache), false)
10 FCPATH\index.php(67): CodeIgniter\CodeIgniter->run()
CRITICAL - 2023-04-10 06:26:37 --> explode(): Argument #1 ($separator) cannot be empty
in APPPATH\Views\depositSlip.php on line 235.
 1 APPPATH\Views\depositSlip.php(235): explode('C:\\xampp\\htdocs\\depositSlip', '12345678907')
 2 SYSTEMPATH\View\View.php(213): include('APPPATH\\Views\\depositSlip.php')
 3 SYSTEMPATH\View\View.php(216): CodeIgniter\View\View->CodeIgniter\View\{closure}()
 4 SYSTEMPATH\Common.php(1177): CodeIgniter\View\View->render('depositSlip', [], true)
 5 APPPATH\Controllers\Home.php(37): view('depositSlip', [...])
 6 SYSTEMPATH\CodeIgniter.php(934): App\Controllers\Home->depositSlip()
 7 SYSTEMPATH\CodeIgniter.php(499): CodeIgniter\CodeIgniter->runController(Object(App\Controllers\Home))
 8 SYSTEMPATH\CodeIgniter.php(368): CodeIgniter\CodeIgniter->handleRequest(null, Object(Config\Cache), false)
 9 FCPATH\index.php(67): CodeIgniter\CodeIgniter->run()
CRITICAL - 2023-04-10 06:27:02 --> explode(): Argument #1 ($separator) cannot be empty
in APPPATH\Views\depositSlip.php on line 235.
 1 APPPATH\Views\depositSlip.php(235): explode('C:\\xampp\\htdocs\\depositSlip', '12345678907')
 2 SYSTEMPATH\View\View.php(213): include('APPPATH\\Views\\depositSlip.php')
 3 SYSTEMPATH\View\View.php(216): CodeIgniter\View\View->CodeIgniter\View\{closure}()
 4 SYSTEMPATH\Common.php(1177): CodeIgniter\View\View->render('depositSlip', [], true)
 5 APPPATH\Controllers\Home.php(37): view('depositSlip', [...])
 6 SYSTEMPATH\CodeIgniter.php(934): App\Controllers\Home->depositSlip()
 7 SYSTEMPATH\CodeIgniter.php(499): CodeIgniter\CodeIgniter->runController(Object(App\Controllers\Home))
 8 SYSTEMPATH\CodeIgniter.php(368): CodeIgniter\CodeIgniter->handleRequest(null, Object(Config\Cache), false)
 9 FCPATH\index.php(67): CodeIgniter\CodeIgniter->run()
CRITICAL - 2023-04-10 06:29:04 --> explode(): Argument #1 ($separator) cannot be empty
in APPPATH\Views\depositSlip.php on line 235.
 1 APPPATH\Views\depositSlip.php(235): explode('C:\\xampp\\htdocs\\depositSlip', '12345678907')
 2 SYSTEMPATH\View\View.php(213): include('APPPATH\\Views\\depositSlip.php')
 3 SYSTEMPATH\View\View.php(216): CodeIgniter\View\View->CodeIgniter\View\{closure}()
 4 SYSTEMPATH\Common.php(1177): CodeIgniter\View\View->render('depositSlip', [], true)
 5 APPPATH\Controllers\Home.php(37): view('depositSlip', [...])
 6 SYSTEMPATH\CodeIgniter.php(934): App\Controllers\Home->depositSlip()
 7 SYSTEMPATH\CodeIgniter.php(499): CodeIgniter\CodeIgniter->runController(Object(App\Controllers\Home))
 8 SYSTEMPATH\CodeIgniter.php(368): CodeIgniter\CodeIgniter->handleRequest(null, Object(Config\Cache), false)
 9 FCPATH\index.php(67): CodeIgniter\CodeIgniter->run()
CRITICAL - 2023-04-10 06:29:07 --> explode(): Argument #1 ($separator) cannot be empty
in APPPATH\Views\depositSlip.php on line 235.
 1 APPPATH\Views\depositSlip.php(235): explode('C:\\xampp\\htdocs\\depositSlip', '12345678907')
 2 SYSTEMPATH\View\View.php(213): include('APPPATH\\Views\\depositSlip.php')
 3 SYSTEMPATH\View\View.php(216): CodeIgniter\View\View->CodeIgniter\View\{closure}()
 4 SYSTEMPATH\Common.php(1177): CodeIgniter\View\View->render('depositSlip', [], true)
 5 APPPATH\Controllers\Home.php(37): view('depositSlip', [...])
 6 SYSTEMPATH\CodeIgniter.php(934): App\Controllers\Home->depositSlip()
 7 SYSTEMPATH\CodeIgniter.php(499): CodeIgniter\CodeIgniter->runController(Object(App\Controllers\Home))
 8 SYSTEMPATH\CodeIgniter.php(368): CodeIgniter\CodeIgniter->handleRequest(null, Object(Config\Cache), false)
 9 FCPATH\index.php(67): CodeIgniter\CodeIgniter->run()
CRITICAL - 2023-04-10 06:31:11 --> syntax error, unexpected variable "$acc_no", expecting ")"
in APPPATH\Views\depositSlip.php on line 235.
 1 SYSTEMPATH\View\View.php(216): CodeIgniter\View\View->CodeIgniter\View\{closure}()
 2 SYSTEMPATH\Common.php(1177): CodeIgniter\View\View->render('depositSlip', [], true)
 3 APPPATH\Controllers\Home.php(37): view('depositSlip', [...])
 4 SYSTEMPATH\CodeIgniter.php(934): App\Controllers\Home->depositSlip()
 5 SYSTEMPATH\CodeIgniter.php(499): CodeIgniter\CodeIgniter->runController(Object(App\Controllers\Home))
 6 SYSTEMPATH\CodeIgniter.php(368): CodeIgniter\CodeIgniter->handleRequest(null, Object(Config\Cache), false)
 7 FCPATH\index.php(67): CodeIgniter\CodeIgniter->run()
CRITICAL - 2023-04-10 06:31:24 --> syntax error, unexpected variable "$acc_no", expecting ")"
in APPPATH\Views\depositSlip.php on line 235.
 1 SYSTEMPATH\View\View.php(216): CodeIgniter\View\View->CodeIgniter\View\{closure}()
 2 SYSTEMPATH\Common.php(1177): CodeIgniter\View\View->render('depositSlip', [], true)
 3 APPPATH\Controllers\Home.php(37): view('depositSlip', [...])
 4 SYSTEMPATH\CodeIgniter.php(934): App\Controllers\Home->depositSlip()
 5 SYSTEMPATH\CodeIgniter.php(499): CodeIgniter\CodeIgniter->runController(Object(App\Controllers\Home))
 6 SYSTEMPATH\CodeIgniter.php(368): CodeIgniter\CodeIgniter->handleRequest(null, Object(Config\Cache), false)
 7 FCPATH\index.php(67): CodeIgniter\CodeIgniter->run()
CRITICAL - 2023-04-10 06:31:52 --> foreach() argument must be of type array|object, string given
in APPPATH\Views\depositSlip.php on line 239.
 1 APPPATH\Views\depositSlip.php(239): CodeIgniter\Debug\Exceptions->errorHandler(2, 'foreach() argument must be of type array|object, string given', 'APPPATH\\Views\\depositSlip.php', 239)
 2 SYSTEMPATH\View\View.php(213): include('APPPATH\\Views\\depositSlip.php')
 3 SYSTEMPATH\View\View.php(216): CodeIgniter\View\View->CodeIgniter\View\{closure}()
 4 SYSTEMPATH\Common.php(1177): CodeIgniter\View\View->render('depositSlip', [], true)
 5 APPPATH\Controllers\Home.php(37): view('depositSlip', [...])
 6 SYSTEMPATH\CodeIgniter.php(934): App\Controllers\Home->depositSlip()
 7 SYSTEMPATH\CodeIgniter.php(499): CodeIgniter\CodeIgniter->runController(Object(App\Controllers\Home))
 8 SYSTEMPATH\CodeIgniter.php(368): CodeIgniter\CodeIgniter->handleRequest(null, Object(Config\Cache), false)
 9 FCPATH\index.php(67): CodeIgniter\CodeIgniter->run()
CRITICAL - 2023-04-10 06:32:05 --> foreach() argument must be of type array|object, string given
in APPPATH\Views\depositSlip.php on line 239.
 1 APPPATH\Views\depositSlip.php(239): CodeIgniter\Debug\Exceptions->errorHandler(2, 'foreach() argument must be of type array|object, string given', 'APPPATH\\Views\\depositSlip.php', 239)
 2 SYSTEMPATH\View\View.php(213): include('APPPATH\\Views\\depositSlip.php')
 3 SYSTEMPATH\View\View.php(216): CodeIgniter\View\View->CodeIgniter\View\{closure}()
 4 SYSTEMPATH\Common.php(1177): CodeIgniter\View\View->render('depositSlip', [], true)
 5 APPPATH\Controllers\Home.php(37): view('depositSlip', [...])
 6 SYSTEMPATH\CodeIgniter.php(934): App\Controllers\Home->depositSlip()
 7 SYSTEMPATH\CodeIgniter.php(499): CodeIgniter\CodeIgniter->runController(Object(App\Controllers\Home))
 8 SYSTEMPATH\CodeIgniter.php(368): CodeIgniter\CodeIgniter->handleRequest(null, Object(Config\Cache), false)
 9 FCPATH\index.php(67): CodeIgniter\CodeIgniter->run()
CRITICAL - 2023-04-10 06:32:46 --> explode(): Argument #1 ($separator) cannot be empty
in APPPATH\Views\depositSlip.php on line 235.
 1 APPPATH\Views\depositSlip.php(235): explode('C:\\xampp\\htdocs\\depositSlip', '12345678907')
 2 SYSTEMPATH\View\View.php(213): include('APPPATH\\Views\\depositSlip.php')
 3 SYSTEMPATH\View\View.php(216): CodeIgniter\View\View->CodeIgniter\View\{closure}()
 4 SYSTEMPATH\Common.php(1177): CodeIgniter\View\View->render('depositSlip', [], true)
 5 APPPATH\Controllers\Home.php(37): view('depositSlip', [...])
 6 SYSTEMPATH\CodeIgniter.php(934): App\Controllers\Home->depositSlip()
 7 SYSTEMPATH\CodeIgniter.php(499): CodeIgniter\CodeIgniter->runController(Object(App\Controllers\Home))
 8 SYSTEMPATH\CodeIgniter.php(368): CodeIgniter\CodeIgniter->handleRequest(null, Object(Config\Cache), false)
 9 FCPATH\index.php(67): CodeIgniter\CodeIgniter->run()
CRITICAL - 2023-04-10 06:51:44 --> foreach() argument must be of type array|object, string given
in APPPATH\Views\depositSlip.php on line 235.
 1 APPPATH\Views\depositSlip.php(235): CodeIgniter\Debug\Exceptions->errorHandler(2, 'foreach() argument must be of type array|object, string given', 'APPPATH\\Views\\depositSlip.php', 235)
 2 SYSTEMPATH\View\View.php(213): include('APPPATH\\Views\\depositSlip.php')
 3 SYSTEMPATH\View\View.php(216): CodeIgniter\View\View->CodeIgniter\View\{closure}()
 4 SYSTEMPATH\Common.php(1177): CodeIgniter\View\View->render('depositSlip', [], true)
 5 APPPATH\Controllers\Home.php(37): view('depositSlip', [...])
 6 SYSTEMPATH\CodeIgniter.php(934): App\Controllers\Home->depositSlip()
 7 SYSTEMPATH\CodeIgniter.php(499): CodeIgniter\CodeIgniter->runController(Object(App\Controllers\Home))
 8 SYSTEMPATH\CodeIgniter.php(368): CodeIgniter\CodeIgniter->handleRequest(null, Object(Config\Cache), false)
 9 FCPATH\index.php(67): CodeIgniter\CodeIgniter->run()
CRITICAL - 2023-04-10 06:52:27 --> explode(): Argument #1 ($separator) cannot be empty
in APPPATH\Views\depositSlip.php on line 233.
 1 APPPATH\Views\depositSlip.php(233): explode('C:\\xampp\\htdocs\\depositSlip', '12345678907')
 2 SYSTEMPATH\View\View.php(213): include('APPPATH\\Views\\depositSlip.php')
 3 SYSTEMPATH\View\View.php(216): CodeIgniter\View\View->CodeIgniter\View\{closure}()
 4 SYSTEMPATH\Common.php(1177): CodeIgniter\View\View->render('depositSlip', [], true)
 5 APPPATH\Controllers\Home.php(37): view('depositSlip', [...])
 6 SYSTEMPATH\CodeIgniter.php(934): App\Controllers\Home->depositSlip()
 7 SYSTEMPATH\CodeIgniter.php(499): CodeIgniter\CodeIgniter->runController(Object(App\Controllers\Home))
 8 SYSTEMPATH\CodeIgniter.php(368): CodeIgniter\CodeIgniter->handleRequest(null, Object(Config\Cache), false)
 9 FCPATH\index.php(67): CodeIgniter\CodeIgniter->run()
CRITICAL - 2023-04-10 06:55:27 --> Undefined property: CodeIgniter\View\View::$db
in APPPATH\Views\depositSlip.php on line 233.
 1 APPPATH\Views\depositSlip.php(233): CodeIgniter\Debug\Exceptions->errorHandler(2, 'Undefined property: CodeIgniter\\View\\View::$db', 'APPPATH\\Views\\depositSlip.php', 233)
 2 SYSTEMPATH\View\View.php(213): include('APPPATH\\Views\\depositSlip.php')
 3 SYSTEMPATH\View\View.php(216): CodeIgniter\View\View->CodeIgniter\View\{closure}()
 4 SYSTEMPATH\Common.php(1177): CodeIgniter\View\View->render('depositSlip', [], true)
 5 APPPATH\Controllers\Home.php(37): view('depositSlip', [...])
 6 SYSTEMPATH\CodeIgniter.php(934): App\Controllers\Home->depositSlip()
 7 SYSTEMPATH\CodeIgniter.php(499): CodeIgniter\CodeIgniter->runController(Object(App\Controllers\Home))
 8 SYSTEMPATH\CodeIgniter.php(368): CodeIgniter\CodeIgniter->handleRequest(null, Object(Config\Cache), false)
 9 FCPATH\index.php(67): CodeIgniter\CodeIgniter->run()
CRITICAL - 2023-04-10 06:55:36 --> Undefined property: CodeIgniter\View\View::$db
in APPPATH\Views\depositSlip.php on line 233.
 1 APPPATH\Views\depositSlip.php(233): CodeIgniter\Debug\Exceptions->errorHandler(2, 'Undefined property: CodeIgniter\\View\\View::$db', 'APPPATH\\Views\\depositSlip.php', 233)
 2 SYSTEMPATH\View\View.php(213): include('APPPATH\\Views\\depositSlip.php')
 3 SYSTEMPATH\View\View.php(216): CodeIgniter\View\View->CodeIgniter\View\{closure}()
 4 SYSTEMPATH\Common.php(1177): CodeIgniter\View\View->render('depositSlip', [], true)
 5 APPPATH\Controllers\Home.php(37): view('depositSlip', [...])
 6 SYSTEMPATH\CodeIgniter.php(934): App\Controllers\Home->depositSlip()
 7 SYSTEMPATH\CodeIgniter.php(499): CodeIgniter\CodeIgniter->runController(Object(App\Controllers\Home))
 8 SYSTEMPATH\CodeIgniter.php(368): CodeIgniter\CodeIgniter->handleRequest(null, Object(Config\Cache), false)
 9 FCPATH\index.php(67): CodeIgniter\CodeIgniter->run()
CRITICAL - 2023-04-10 06:55:45 --> Undefined property: CodeIgniter\View\View::$db
in APPPATH\Views\depositSlip.php on line 233.
 1 APPPATH\Views\depositSlip.php(233): CodeIgniter\Debug\Exceptions->errorHandler(2, 'Undefined property: CodeIgniter\\View\\View::$db', 'APPPATH\\Views\\depositSlip.php', 233)
 2 SYSTEMPATH\View\View.php(213): include('APPPATH\\Views\\depositSlip.php')
 3 SYSTEMPATH\View\View.php(216): CodeIgniter\View\View->CodeIgniter\View\{closure}()
 4 SYSTEMPATH\Common.php(1177): CodeIgniter\View\View->render('depositSlip', [], true)
 5 APPPATH\Controllers\Home.php(37): view('depositSlip', [...])
 6 SYSTEMPATH\CodeIgniter.php(934): App\Controllers\Home->depositSlip()
 7 SYSTEMPATH\CodeIgniter.php(499): CodeIgniter\CodeIgniter->runController(Object(App\Controllers\Home))
 8 SYSTEMPATH\CodeIgniter.php(368): CodeIgniter\CodeIgniter->handleRequest(null, Object(Config\Cache), false)
 9 FCPATH\index.php(67): CodeIgniter\CodeIgniter->run()
CRITICAL - 2023-04-10 06:57:26 --> syntax error, unexpected double-quote mark, expecting "," or ";"
in APPPATH\Views\depositSlip.php on line 233.
 1 SYSTEMPATH\View\View.php(216): CodeIgniter\View\View->CodeIgniter\View\{closure}()
 2 SYSTEMPATH\Common.php(1177): CodeIgniter\View\View->render('depositSlip', [], true)
 3 APPPATH\Controllers\Home.php(37): view('depositSlip', [...])
 4 SYSTEMPATH\CodeIgniter.php(934): App\Controllers\Home->depositSlip()
 5 SYSTEMPATH\CodeIgniter.php(499): CodeIgniter\CodeIgniter->runController(Object(App\Controllers\Home))
 6 SYSTEMPATH\CodeIgniter.php(368): CodeIgniter\CodeIgniter->handleRequest(null, Object(Config\Cache), false)
 7 FCPATH\index.php(67): CodeIgniter\CodeIgniter->run()
CRITICAL - 2023-04-10 06:57:36 --> Call to undefined function replace()
in APPPATH\Views\depositSlip.php on line 233.
 1 SYSTEMPATH\View\View.php(213): include()
 2 SYSTEMPATH\View\View.php(216): CodeIgniter\View\View->CodeIgniter\View\{closure}()
 3 SYSTEMPATH\Common.php(1177): CodeIgniter\View\View->render('depositSlip', [], true)
 4 APPPATH\Controllers\Home.php(37): view('depositSlip', [...])
 5 SYSTEMPATH\CodeIgniter.php(934): App\Controllers\Home->depositSlip()
 6 SYSTEMPATH\CodeIgniter.php(499): CodeIgniter\CodeIgniter->runController(Object(App\Controllers\Home))
 7 SYSTEMPATH\CodeIgniter.php(368): CodeIgniter\CodeIgniter->handleRequest(null, Object(Config\Cache), false)
 8 FCPATH\index.php(67): CodeIgniter\CodeIgniter->run()
CRITICAL - 2023-04-10 07:02:42 --> syntax error, unexpected token ")"
in APPPATH\Views\depositSlip.php on line 240.
 1 SYSTEMPATH\View\View.php(216): CodeIgniter\View\View->CodeIgniter\View\{closure}()
 2 SYSTEMPATH\Common.php(1177): CodeIgniter\View\View->render('depositSlip', [], true)
 3 APPPATH\Controllers\Home.php(37): view('depositSlip', [...])
 4 SYSTEMPATH\CodeIgniter.php(934): App\Controllers\Home->depositSlip()
 5 SYSTEMPATH\CodeIgniter.php(499): CodeIgniter\CodeIgniter->runController(Object(App\Controllers\Home))
 6 SYSTEMPATH\CodeIgniter.php(368): CodeIgniter\CodeIgniter->handleRequest(null, Object(Config\Cache), false)
 7 FCPATH\index.php(67): CodeIgniter\CodeIgniter->run()
CRITICAL - 2023-04-10 07:02:56 --> foreach() argument must be of type array|object, string given
in APPPATH\Views\depositSlip.php on line 240.
 1 APPPATH\Views\depositSlip.php(240): CodeIgniter\Debug\Exceptions->errorHandler(2, 'foreach() argument must be of type array|object, string given', 'APPPATH\\Views\\depositSlip.php', 240)
 2 SYSTEMPATH\View\View.php(213): include('APPPATH\\Views\\depositSlip.php')
 3 SYSTEMPATH\View\View.php(216): CodeIgniter\View\View->CodeIgniter\View\{closure}()
 4 SYSTEMPATH\Common.php(1177): CodeIgniter\View\View->render('depositSlip', [], true)
 5 APPPATH\Controllers\Home.php(37): view('depositSlip', [...])
 6 SYSTEMPATH\CodeIgniter.php(934): App\Controllers\Home->depositSlip()
 7 SYSTEMPATH\CodeIgniter.php(499): CodeIgniter\CodeIgniter->runController(Object(App\Controllers\Home))
 8 SYSTEMPATH\CodeIgniter.php(368): CodeIgniter\CodeIgniter->handleRequest(null, Object(Config\Cache), false)
 9 FCPATH\index.php(67): CodeIgniter\CodeIgniter->run()
CRITICAL - 2023-04-10 07:06:33 --> Call to undefined function word_limiter()
in APPPATH\Views\depositSlip.php on line 236.
 1 SYSTEMPATH\View\View.php(213): include()
 2 SYSTEMPATH\View\View.php(216): CodeIgniter\View\View->CodeIgniter\View\{closure}()
 3 SYSTEMPATH\Common.php(1177): CodeIgniter\View\View->render('depositSlip', [], true)
 4 APPPATH\Controllers\Home.php(37): view('depositSlip', [...])
 5 SYSTEMPATH\CodeIgniter.php(934): App\Controllers\Home->depositSlip()
 6 SYSTEMPATH\CodeIgniter.php(499): CodeIgniter\CodeIgniter->runController(Object(App\Controllers\Home))
 7 SYSTEMPATH\CodeIgniter.php(368): CodeIgniter\CodeIgniter->handleRequest(null, Object(Config\Cache), false)
 8 FCPATH\index.php(67): CodeIgniter\CodeIgniter->run()
CRITICAL - 2023-04-10 07:08:24 --> syntax error, unexpected variable "$keywords"
in APPPATH\Views\depositSlip.php on line 235.
 1 SYSTEMPATH\View\View.php(216): CodeIgniter\View\View->CodeIgniter\View\{closure}()
 2 SYSTEMPATH\Common.php(1177): CodeIgniter\View\View->render('depositSlip', [], true)
 3 APPPATH\Controllers\Home.php(37): view('depositSlip', [...])
 4 SYSTEMPATH\CodeIgniter.php(934): App\Controllers\Home->depositSlip()
 5 SYSTEMPATH\CodeIgniter.php(499): CodeIgniter\CodeIgniter->runController(Object(App\Controllers\Home))
 6 SYSTEMPATH\CodeIgniter.php(368): CodeIgniter\CodeIgniter->handleRequest(null, Object(Config\Cache), false)
 7 FCPATH\index.php(67): CodeIgniter\CodeIgniter->run()
CRITICAL - 2023-04-10 07:19:41 --> syntax error, unexpected token "echo"
in APPPATH\Views\depositSlip.php on line 236.
 1 SYSTEMPATH\View\View.php(216): CodeIgniter\View\View->CodeIgniter\View\{closure}()
 2 SYSTEMPATH\Common.php(1177): CodeIgniter\View\View->render('depositSlip', [], true)
 3 APPPATH\Controllers\Home.php(37): view('depositSlip', [...])
 4 SYSTEMPATH\CodeIgniter.php(934): App\Controllers\Home->depositSlip()
 5 SYSTEMPATH\CodeIgniter.php(499): CodeIgniter\CodeIgniter->runController(Object(App\Controllers\Home))
 6 SYSTEMPATH\CodeIgniter.php(368): CodeIgniter\CodeIgniter->handleRequest(null, Object(Config\Cache), false)
 7 FCPATH\index.php(67): CodeIgniter\CodeIgniter->run()
CRITICAL - 2023-04-10 07:22:07 --> syntax error, unexpected token "foreach", expecting "," or ";"
in APPPATH\Views\depositSlip.php on line 236.
 1 SYSTEMPATH\View\View.php(216): CodeIgniter\View\View->CodeIgniter\View\{closure}()
 2 SYSTEMPATH\Common.php(1177): CodeIgniter\View\View->render('depositSlip', [], true)
 3 APPPATH\Controllers\Home.php(37): view('depositSlip', [...])
 4 SYSTEMPATH\CodeIgniter.php(934): App\Controllers\Home->depositSlip()
 5 SYSTEMPATH\CodeIgniter.php(499): CodeIgniter\CodeIgniter->runController(Object(App\Controllers\Home))
 6 SYSTEMPATH\CodeIgniter.php(368): CodeIgniter\CodeIgniter->handleRequest(null, Object(Config\Cache), false)
 7 FCPATH\index.php(67): CodeIgniter\CodeIgniter->run()
CRITICAL - 2023-04-10 07:22:12 --> strlen(): Argument #1 ($str) must be of type string, array given
in APPPATH\Views\depositSlip.php on line 235.
 1 SYSTEMPATH\View\View.php(213): include()
 2 SYSTEMPATH\View\View.php(216): CodeIgniter\View\View->CodeIgniter\View\{closure}()
 3 SYSTEMPATH\Common.php(1177): CodeIgniter\View\View->render('depositSlip', [], true)
 4 APPPATH\Controllers\Home.php(37): view('depositSlip', [...])
 5 SYSTEMPATH\CodeIgniter.php(934): App\Controllers\Home->depositSlip()
 6 SYSTEMPATH\CodeIgniter.php(499): CodeIgniter\CodeIgniter->runController(Object(App\Controllers\Home))
 7 SYSTEMPATH\CodeIgniter.php(368): CodeIgniter\CodeIgniter->handleRequest(null, Object(Config\Cache), false)
 8 FCPATH\index.php(67): CodeIgniter\CodeIgniter->run()
CRITICAL - 2023-04-10 07:22:14 --> strlen(): Argument #1 ($str) must be of type string, array given
in APPPATH\Views\depositSlip.php on line 235.
 1 SYSTEMPATH\View\View.php(213): include()
 2 SYSTEMPATH\View\View.php(216): CodeIgniter\View\View->CodeIgniter\View\{closure}()
 3 SYSTEMPATH\Common.php(1177): CodeIgniter\View\View->render('depositSlip', [], true)
 4 APPPATH\Controllers\Home.php(37): view('depositSlip', [...])
 5 SYSTEMPATH\CodeIgniter.php(934): App\Controllers\Home->depositSlip()
 6 SYSTEMPATH\CodeIgniter.php(499): CodeIgniter\CodeIgniter->runController(Object(App\Controllers\Home))
 7 SYSTEMPATH\CodeIgniter.php(368): CodeIgniter\CodeIgniter->handleRequest(null, Object(Config\Cache), false)
 8 FCPATH\index.php(67): CodeIgniter\CodeIgniter->run()
CRITICAL - 2023-04-10 07:28:27 --> Undefined variable $acc
in APPPATH\Views\depositSlip.php on line 234.
 1 APPPATH\Views\depositSlip.php(234): CodeIgniter\Debug\Exceptions->errorHandler(2, 'Undefined variable $acc', 'APPPATH\\Views\\depositSlip.php', 234)
 2 SYSTEMPATH\View\View.php(213): include('APPPATH\\Views\\depositSlip.php')
 3 SYSTEMPATH\View\View.php(216): CodeIgniter\View\View->CodeIgniter\View\{closure}()
 4 SYSTEMPATH\Common.php(1177): CodeIgniter\View\View->render('depositSlip', [], true)
 5 APPPATH\Controllers\Home.php(37): view('depositSlip', [...])
 6 SYSTEMPATH\CodeIgniter.php(934): App\Controllers\Home->depositSlip()
 7 SYSTEMPATH\CodeIgniter.php(499): CodeIgniter\CodeIgniter->runController(Object(App\Controllers\Home))
 8 SYSTEMPATH\CodeIgniter.php(368): CodeIgniter\CodeIgniter->handleRequest(null, Object(Config\Cache), false)
 9 FCPATH\index.php(67): CodeIgniter\CodeIgniter->run()
CRITICAL - 2023-04-10 07:38:57 --> explode(): Argument #2 ($string) must be of type string, array given
in APPPATH\Views\depositSlip.php on line 235.
 1 APPPATH\Views\depositSlip.php(235): explode(' ', [...])
 2 SYSTEMPATH\View\View.php(213): include('APPPATH\\Views\\depositSlip.php')
 3 SYSTEMPATH\View\View.php(216): CodeIgniter\View\View->CodeIgniter\View\{closure}()
 4 SYSTEMPATH\Common.php(1177): CodeIgniter\View\View->render('depositSlip', [], true)
 5 APPPATH\Controllers\Home.php(37): view('depositSlip', [...])
 6 SYSTEMPATH\CodeIgniter.php(934): App\Controllers\Home->depositSlip()
 7 SYSTEMPATH\CodeIgniter.php(499): CodeIgniter\CodeIgniter->runController(Object(App\Controllers\Home))
 8 SYSTEMPATH\CodeIgniter.php(368): CodeIgniter\CodeIgniter->handleRequest(null, Object(Config\Cache), false)
 9 FCPATH\index.php(67): CodeIgniter\CodeIgniter->run()
